Build started 2018/12/7 12:21:38.
     1>Project "F:\Projects_Git\RK100\30-rkapp\RkcLib\prj_win32\RkcLib.vcxproj" on node 2 (build target(s)).
     1>InitializeBuildStatus:
         Creating "Debug\RkcLib.unsuccessfulbuild" because "AlwaysCreate" was specified.
       ClCompile:
         C:\Program Files (x86)\Microsoft Visual Studio 10.0\VC\bin\CL.exe /c /I..\include\tftp /I..\include\mspsearch /I"..\..\..\10-common\include\tp" /I"..\..\..\10-common\include\platform" /I"..\..\..\10-common\include\system1" /I.\ /I..\include /I..\..\common_2010\include /I"..\..\..\10-common\include\nms1" /ZI /nologo /W3 /WX- /Od /Oy- /D WIN32 /D _DEBUG /D _LIB /D _CRT_SECURE_NO_WARNINGS /D _MBCS /D _AFXDLL /Gm /EHsc /RTC1 /MDd /GS /fp:precise /Zc:wchar_t /Zc:forScope /Fo"Debug\\" /Fd"Debug\vc100.pdb" /Gd /TP /analyze- /errorReport:prompt ..\source\kdvdispevent.cpp ..\source\mspsearch\broadcast.cpp ..\source\mspsearch\datamanager.cpp ..\source\mspsearch\lock.cpp ..\source\mspsearch\MD5.cpp ..\source\mspsearch\mspsearch.cpp ..\source\mspsearch\publicfun.cpp ..\source\mspsearch\stdall.cpp ..\source\mspsearch\threadbase.cpp ..\source\rkcsearchctrl.cpp ..\source\rkcconfigctrl.cpp ..\source\rkcmsgrecver.cpp ..\source\rkcsession.cpp ..\source\rkclib.cpp ..\source\rkcmsgdriver.cpp ..\source\rkcprintctrl.cpp ..\source\rkcsysctrl.cpp ..\source\socketmanager.cpp ..\source\tftp\Tftp.cpp
         Tftp.cpp
         _WIN32_WINNT not defined. Defaulting to _WIN32_WINNT_MAXVER (see WinSDKVer.h)
     1>f:\projects_git\rk100\30-rkapp\rkclib\source\tftp\tftp.cpp(113): warning C4800: 'BOOL' : forcing value to bool 'true' or 'false' (performance warning)
         socketmanager.cpp
         _WIN32_WINNT not defined. Defaulting to _WIN32_WINNT_MAXVER (see WinSDKVer.h)
         rkcsysctrl.cpp
         _WIN32_WINNT not defined. Defaulting to _WIN32_WINNT_MAXVER (see WinSDKVer.h)
         rkcprintctrl.cpp
         _WIN32_WINNT not defined. Defaulting to _WIN32_WINNT_MAXVER (see WinSDKVer.h)
         rkcmsgdriver.cpp
         _WIN32_WINNT not defined. Defaulting to _WIN32_WINNT_MAXVER (see WinSDKVer.h)
         rkclib.cpp
         _WIN32_WINNT not defined. Defaulting to _WIN32_WINNT_MAXVER (see WinSDKVer.h)
         rkcsession.cpp
         _WIN32_WINNT not defined. Defaulting to _WIN32_WINNT_MAXVER (see WinSDKVer.h)
         rkcmsgrecver.cpp
         _WIN32_WINNT not defined. Defaulting to _WIN32_WINNT_MAXVER (see WinSDKVer.h)
         rkcconfigctrl.cpp
         _WIN32_WINNT not defined. Defaulting to _WIN32_WINNT_MAXVER (see WinSDKVer.h)
         rkcsearchctrl.cpp
         _WIN32_WINNT not defined. Defaulting to _WIN32_WINNT_MAXVER (see WinSDKVer.h)
         threadbase.cpp
         stdall.cpp
         publicfun.cpp
         mspsearch.cpp
         MD5.cpp
         lock.cpp
     1>f:\projects_git\rk100\30-rkapp\rkclib\source\mspsearch\lock.cpp(191): warning C4800: 'BOOL' : forcing value to bool 'true' or 'false' (performance warning)
         datamanager.cpp
         broadcast.cpp
     1>f:\projects_git\rk100\30-rkapp\rkclib\source\mspsearch\broadcast.cpp(775): warning C4018: '<' : signed/unsigned mismatch
     1>f:\projects_git\rk100\30-rkapp\rkclib\source\mspsearch\broadcast.cpp(943): warning C4018: '<' : signed/unsigned mismatch
     1>f:\projects_git\rk100\30-rkapp\rkclib\source\mspsearch\broadcast.cpp(948): warning C4018: '<' : signed/unsigned mismatch
     1>f:\projects_git\rk100\30-rkapp\rkclib\source\mspsearch\broadcast.cpp(999): warning C4800: 'BOOL' : forcing value to bool 'true' or 'false' (performance warning)
     1>f:\projects_git\rk100\30-rkapp\rkclib\source\mspsearch\broadcast.cpp(1015): warning C4018: '<' : signed/unsigned mismatch
         kdvdispevent.cpp
         _WIN32_WINNT not defined. Defaulting to _WIN32_WINNT_MAXVER (see WinSDKVer.h)
         Generating Code...
       Lib:
         C:\Program Files (x86)\Microsoft Visual Studio 10.0\VC\bin\Lib.exe /OUT:"..\..\..\10-common\lib\debug\win32_2010\RkcLib.lib" /NOLOGO Debug\kdvdispevent.obj
         Debug\broadcast.obj
         Debug\datamanager.obj
         Debug\lock.obj
         Debug\MD5.obj
         Debug\mspsearch.obj
         Debug\publicfun.obj
         Debug\stdall.obj
         Debug\threadbase.obj
         Debug\rkcsearchctrl.obj
         Debug\rkcconfigctrl.obj
         Debug\rkcmsgrecver.obj
         Debug\rkcsession.obj
         Debug\rkclib.obj
         Debug\rkcmsgdriver.obj
         Debug\rkcprintctrl.obj
         Debug\rkcsysctrl.obj
         Debug\socketmanager.obj
         Debug\Tftp.obj
     1>stdall.obj : warning LNK4221: This object file does not define any previously undefined public symbols, so it will not be used by any link operation that consumes this library
         RkcLib.vcxproj -> F:\Projects_Git\RK100\30-rkapp\RkcLib\prj_win32\..\..\..\10-common\lib\debug\win32_2010\RkcLib.lib
       FinalizeBuildStatus:
         Deleting file "Debug\RkcLib.unsuccessfulbuild".
         Touching "Debug\RkcLib.lastbuildstate".
     1>Done Building Project "F:\Projects_Git\RK100\30-rkapp\RkcLib\prj_win32\RkcLib.vcxproj" (build target(s)).

Build succeeded.

Time Elapsed 00:00:27.72
