E:\WORK\SVN_ROOT\20180911_RK100\30-RKAPP\DUILIB\RELEASE\CASEMANAGER.OBJ
E:\work\svn_root\20180911_RK100\30-rkapp\duilib\Release\cl.command.1.tlog
E:\work\svn_root\20180911_RK100\30-rkapp\duilib\Release\CL.read.1.tlog
E:\work\svn_root\20180911_RK100\30-rkapp\duilib\Release\CL.write.1.tlog
E:\WORK\SVN_ROOT\20180911_RK100\30-RKAPP\DUILIB\RELEASE\DRAGCONTROLLER.OBJ
E:\WORK\SVN_ROOT\20180911_RK100\30-RKAPP\DUILIB\RELEASE\DRAGDATAMGR.OBJ
E:\WORK\SVN_ROOT\20180911_RK100\30-RKAPP\DUILIB\RELEASE\DRAGINTERFACE.OBJ
E:\WORK\SVN_ROOT\20180911_RK100\30-RKAPP\DUILIB\RELEASE\DUIDRAG.OBJ
E:\WORK\SVN_ROOT\20180911_RK100\30-RKAPP\DUILIB\RELEASE\DUILIB.PCH
E:\work\svn_root\20180911_RK100\30-rkapp\duilib\Release\DuiLib.write.1.tlog
E:\WORK\SVN_ROOT\20180911_RK100\30-RKAPP\DUILIB\RELEASE\GIFIMAGE.OBJ
E:\WORK\SVN_ROOT\20180911_RK100\30-RKAPP\DUILIB\RELEASE\STDAFX.OBJ
E:\WORK\SVN_ROOT\20180911_RK100\30-RKAPP\DUILIB\RELEASE\UIACTIVEX.OBJ
E:\WORK\SVN_ROOT\20180911_RK100\30-RKAPP\DUILIB\RELEASE\UIBASE.OBJ
E:\WORK\SVN_ROOT\20180911_RK100\30-RKAPP\DUILIB\RELEASE\UIBUTTON.OBJ
E:\WORK\SVN_ROOT\20180911_RK100\30-RKAPP\DUILIB\RELEASE\UICHECKBOX.OBJ
E:\WORK\SVN_ROOT\20180911_RK100\30-RKAPP\DUILIB\RELEASE\UICHILDLAYOUT.OBJ
E:\WORK\SVN_ROOT\20180911_RK100\30-RKAPP\DUILIB\RELEASE\UICOMBO.OBJ
E:\WORK\SVN_ROOT\20180911_RK100\30-RKAPP\DUILIB\RELEASE\UICOMBOBOX.OBJ
E:\WORK\SVN_ROOT\20180911_RK100\30-RKAPP\DUILIB\RELEASE\UICONTAINER.OBJ
E:\WORK\SVN_ROOT\20180911_RK100\30-RKAPP\DUILIB\RELEASE\UICONTROL.OBJ
E:\WORK\SVN_ROOT\20180911_RK100\30-RKAPP\DUILIB\RELEASE\UIDATETIME.OBJ
E:\WORK\SVN_ROOT\20180911_RK100\30-RKAPP\DUILIB\RELEASE\UIDELEGATE.OBJ
E:\WORK\SVN_ROOT\20180911_RK100\30-RKAPP\DUILIB\RELEASE\UIDLGBUILDER.OBJ
E:\WORK\SVN_ROOT\20180911_RK100\30-RKAPP\DUILIB\RELEASE\UIDRAGWND.OBJ
E:\WORK\SVN_ROOT\20180911_RK100\30-RKAPP\DUILIB\RELEASE\UIGIF.OBJ
E:\WORK\SVN_ROOT\20180911_RK100\30-RKAPP\DUILIB\RELEASE\UIHORIZONTALLAYOUT.OBJ
E:\WORK\SVN_ROOT\20180911_RK100\30-RKAPP\DUILIB\RELEASE\UILABEL.OBJ
E:\WORK\SVN_ROOT\20180911_RK100\30-RKAPP\DUILIB\RELEASE\UILETTERINDEX.OBJ
E:\WORK\SVN_ROOT\20180911_RK100\30-RKAPP\DUILIB\RELEASE\UILIB.OBJ
E:\WORK\SVN_ROOT\20180911_RK100\30-RKAPP\DUILIB\RELEASE\UILIST.OBJ
E:\WORK\SVN_ROOT\20180911_RK100\30-RKAPP\DUILIB\RELEASE\UIMARKUP.OBJ
E:\WORK\SVN_ROOT\20180911_RK100\30-RKAPP\DUILIB\RELEASE\UIOPTION.OBJ
E:\WORK\SVN_ROOT\20180911_RK100\30-RKAPP\DUILIB\RELEASE\UIPROGRESS.OBJ
E:\WORK\SVN_ROOT\20180911_RK100\30-RKAPP\DUILIB\RELEASE\UIRENDER.OBJ
E:\WORK\SVN_ROOT\20180911_RK100\30-RKAPP\DUILIB\RELEASE\UIRICHEDIT.OBJ
E:\WORK\SVN_ROOT\20180911_RK100\30-RKAPP\DUILIB\RELEASE\UISCROLLBAR.OBJ
E:\WORK\SVN_ROOT\20180911_RK100\30-RKAPP\DUILIB\RELEASE\UISLIDER.OBJ
E:\WORK\SVN_ROOT\20180911_RK100\30-RKAPP\DUILIB\RELEASE\UISLIDETABLAYOUT.OBJ
E:\WORK\SVN_ROOT\20180911_RK100\30-RKAPP\DUILIB\RELEASE\UITABLAYOUT.OBJ
E:\WORK\SVN_ROOT\20180911_RK100\30-RKAPP\DUILIB\RELEASE\UITEXT.OBJ
E:\WORK\SVN_ROOT\20180911_RK100\30-RKAPP\DUILIB\RELEASE\UITILELAYOUT.OBJ
E:\WORK\SVN_ROOT\20180911_RK100\30-RKAPP\DUILIB\RELEASE\UITOUCHLIST.OBJ
E:\WORK\SVN_ROOT\20180911_RK100\30-RKAPP\DUILIB\RELEASE\UITREEVIEW.OBJ
E:\WORK\SVN_ROOT\20180911_RK100\30-RKAPP\DUILIB\RELEASE\UIVERTICALLAYOUT.OBJ
E:\WORK\SVN_ROOT\20180911_RK100\30-RKAPP\DUILIB\RELEASE\UIWEBBROWSER.OBJ
E:\WORK\SVN_ROOT\20180911_RK100\30-RKAPP\DUILIB\RELEASE\UTILS.OBJ
E:\WORK\SVN_ROOT\20180911_RK100\30-RKAPP\DUILIB\RELEASE\VC100.PDB
E:\WORK\SVN_ROOT\20180911_RK100\30-RKAPP\DUILIB\RELEASE\WINIMPLBASE.OBJ
